Compiled jquery.js  (7ms)  (pid 11959)
Compiled jquery_ujs.js  (0ms)  (pid 11959)
Compiled js/bootstrap.js  (26ms)  (pid 11959)
Compiled application.js  (68ms)  (pid 11959)
Compiled custom.css  (41ms)  (pid 11959)
Compiled css/bootstrap-responsive.css  (0ms)  (pid 11959)
Compiled css/bootstrap.css  (32ms)  (pid 11959)
Compiled application.css  (97ms)  (pid 11959)
Compiled jquery.js  (7ms)  (pid 11959)
Compiled jquery_ujs.js  (0ms)  (pid 11959)
Compiled js/bootstrap.js  (0ms)  (pid 11959)
Compiled application.js  (65ms)  (pid 11959)
Compiled custom.css  (38ms)  (pid 11959)
Compiled css/bootstrap-responsive.css  (0ms)  (pid 11959)
Compiled css/bootstrap.css  (0ms)  (pid 11959)
Compiled application.css  (60ms)  (pid 11959)
Compiled jquery.js  (7ms)  (pid 22145)
Compiled jquery_ujs.js  (0ms)  (pid 22145)
Compiled js/bootstrap.js  (0ms)  (pid 22145)
Compiled application.js  (35ms)  (pid 22145)
Compiled custom.css  (40ms)  (pid 22145)
Compiled css/bootstrap-responsive.css  (0ms)  (pid 22145)
Compiled css/bootstrap.css  (0ms)  (pid 22145)
Compiled application.css  (63ms)  (pid 22145)
Compiled jquery.js  (7ms)  (pid 22145)
Compiled jquery_ujs.js  (0ms)  (pid 22145)
Compiled js/bootstrap.js  (1ms)  (pid 22145)
Compiled application.js  (33ms)  (pid 22145)
Compiled custom.css  (42ms)  (pid 22145)
Compiled css/bootstrap-responsive.css  (0ms)  (pid 22145)
Compiled css/bootstrap.css  (0ms)  (pid 22145)
Compiled application.css  (65ms)  (pid 22145)
